Build started 5/18/2013 10:33:04 PM.
     1>Project "C:\Users\Bryan\Documents\Visual Studio 2012\Projects\RayTracer_v0\RayTracer_v0\RayTracer_v0.vcxproj" on node 2 (Build target(s)).
     1>ClCompile:
         C:\Program Files (x86)\Microsoft Visual Studio 11.0\VC\bin\CL.exe /c /ZI /nologo /W3 /WX- /Od /Oy- /D WIN32 /D _DEBUG /D _CONSOLE /D _UNICODE /D UNICODE /Gm /EHsc /RTC1 /MDd /GS /fp:precise /Zc:wchar_t /Zc:forScope /Fo"Debug\\" /Fd"Debug\vc110.pdb" /Gd /TP /analyze- /errorReport:prompt Engine.cpp Main.cpp RaytraceStructs.cpp Scene.cpp Shapes.cpp
         Scene.cpp
     1>c:\users\bryan\documents\visual studio 2012\projects\raytracer_v0\raytracer_v0\shapes.h(4): warning C4099: 'Ray' : type name first seen using 'class' now seen using 'struct'
                 c:\users\bryan\documents\visual studio 2012\projects\raytracer_v0\raytracer_v0\scene.h(6) : see declaration of 'Ray'
     1>c:\users\bryan\documents\visual studio 2012\projects\raytracer_v0\raytracer_v0\raytracestructs.h(12): warning C4099: 'Ray' : type name first seen using 'class' now seen using 'struct'
                 c:\users\bryan\documents\visual studio 2012\projects\raytracer_v0\raytracer_v0\scene.h(6) : see declaration of 'Ray'
         RaytraceStructs.cpp
     1>c:\users\bryan\documents\visual studio 2012\projects\raytracer_v0\raytracer_v0\scene.h(6): warning C4099: 'Ray' : type name first seen using 'struct' now seen using 'class'
                 c:\users\bryan\documents\visual studio 2012\projects\raytracer_v0\raytracer_v0\raytracestructs.h(12) : see declaration of 'Ray'
         Main.cpp
     1>c:\users\bryan\documents\visual studio 2012\projects\raytracer_v0\raytracer_v0\scene.h(6): warning C4099: 'Ray' : type name first seen using 'struct' now seen using 'class'
                 c:\users\bryan\documents\visual studio 2012\projects\raytracer_v0\raytracer_v0\raytracestructs.h(12) : see declaration of 'Ray'
         Engine.cpp
     1>c:\users\bryan\documents\visual studio 2012\projects\raytracer_v0\raytracer_v0\raytracestructs.h(12): warning C4099: 'Ray' : type name first seen using 'class' now seen using 'struct'
                 c:\users\bryan\documents\visual studio 2012\projects\raytracer_v0\raytracer_v0\scene.h(6) : see declaration of 'Ray'
     1>c:\users\bryan\documents\visual studio 2012\projects\raytracer_v0\raytracer_v0\engine.cpp(78): warning C4996: 'fopen': This function or variable may be unsafe. Consider using fopen_s instead. To disable deprecation, use _CRT_SECURE_NO_WARNINGS. See online help for details.
                 c:\program files (x86)\microsoft visual studio 11.0\vc\include\stdio.h(218) : see declaration of 'fopen'
         Generating Code...
         Compiling...
         Shapes.cpp
         Generating Code...
       Link:
         C:\Program Files (x86)\Microsoft Visual Studio 11.0\VC\bin\link.exe /ERRORREPORT:PROMPT /OUT:"C:\Users\Bryan\Documents\Visual Studio 2012\Projects\RayTracer_v0\Debug\RayTracer_v0.exe" /INCREMENTAL /NOLOGO kernel32.lib user32.lib gdi32.lib winspool.lib comdlg32.lib advapi32.lib shell32.lib ole32.lib oleaut32.lib uuid.lib odbc32.lib odbccp32.lib /MANIFEST /MANIFESTUAC:"level='asInvoker' uiAccess='false'" /manifest:embed /DEBUG /PDB:"C:\Users\Bryan\Documents\Visual Studio 2012\Projects\RayTracer_v0\Debug\RayTracer_v0.pdb" /SUBSYSTEM:CONSOLE /TLBID:1 /DYNAMICBASE /NXCOMPAT /IMPLIB:"C:\Users\Bryan\Documents\Visual Studio 2012\Projects\RayTracer_v0\Debug\RayTracer_v0.lib" /MACHINE:X86 Debug\cutest.obj
         Debug\Engine.obj
         Debug\Main.obj
         Debug\RaytraceStructs.obj
         Debug\Scene.obj
         Debug\Shapes.obj
         Debug\Vec3.obj
         RayTracer_v0.vcxproj -> C:\Users\Bryan\Documents\Visual Studio 2012\Projects\RayTracer_v0\Debug\RayTracer_v0.exe
     1>Done Building Project "C:\Users\Bryan\Documents\Visual Studio 2012\Projects\RayTracer_v0\RayTracer_v0\RayTracer_v0.vcxproj" (Build target(s)).

Build succeeded.

Time Elapsed 00:00:06.07
